./graphs/test_inc_1000.dat
./test_inc -l 1 -r -60 -w 1000 -s 1 --use-ff
./test_inc -l 1 -r -60 -w 1000 -s 2 --use-ff
./test_inc -l 1 -r -60 -w 1000 -s 3 --use-ff
./test_inc -l 1 -r -60 -w 1000 -s 4 --use-ff
./test_inc -l 1 -r -60 -w 1000 -s 5 --use-ff
./test_inc -l 1 -r -60 -w 1000 -s 6 --use-ff
./test_inc -l 1 -r -60 -w 1000 -s 7 --use-ff
./test_inc -l 1 -r -60 -w 1000 -s 8 --use-ff
./test_inc -l 1 -r -60 -w 1000 -s 9 --use-ff
./test_inc -l 1 -r -60 -w 1000 -s 10 --use-ff
./graphs/test_inc_10000.dat
./test_inc -l 1 -r -60 -w 10000 -s 1 --use-ff
./test_inc -l 1 -r -60 -w 10000 -s 2 --use-ff
./test_inc -l 1 -r -60 -w 10000 -s 3 --use-ff
./test_inc -l 1 -r -60 -w 10000 -s 4 --use-ff
./test_inc -l 1 -r -60 -w 10000 -s 5 --use-ff
./test_inc -l 1 -r -60 -w 10000 -s 6 --use-ff
./test_inc -l 1 -r -60 -w 10000 -s 7 --use-ff
./test_inc -l 1 -r -60 -w 10000 -s 8 --use-ff
./test_inc -l 1 -r -60 -w 10000 -s 9 --use-ff
./test_inc -l 1 -r -60 -w 10000 -s 10 --use-ff
./graphs/test_inc_100000.dat
./test_inc -l 1 -r -60 -w 100000 -s 1 --use-ff
./test_inc -l 1 -r -60 -w 100000 -s 2 --use-ff
./test_inc -l 1 -r -60 -w 100000 -s 3 --use-ff
./test_inc -l 1 -r -60 -w 100000 -s 4 --use-ff
./test_inc -l 1 -r -60 -w 100000 -s 5 --use-ff
./test_inc -l 1 -r -60 -w 100000 -s 6 --use-ff
./test_inc -l 1 -r -60 -w 100000 -s 7 --use-ff
./test_inc -l 1 -r -60 -w 100000 -s 8 --use-ff
./test_inc -l 1 -r -60 -w 100000 -s 9 --use-ff
./test_inc -l 1 -r -60 -w 100000 -s 10 --use-ff
./graphs/test_fat_1000.dat
./test_fat -l 1 -r -60 -w 1000 -s 1 --use-ff
./test_fat -l 1 -r -60 -w 1000 -s 2 --use-ff
./test_fat -l 1 -r -60 -w 1000 -s 3 --use-ff
./test_fat -l 1 -r -60 -w 1000 -s 4 --use-ff
./test_fat -l 1 -r -60 -w 1000 -s 5 --use-ff
./test_fat -l 1 -r -60 -w 1000 -s 6 --use-ff
./test_fat -l 1 -r -60 -w 1000 -s 7 --use-ff
./test_fat -l 1 -r -60 -w 1000 -s 8 --use-ff
./test_fat -l 1 -r -60 -w 1000 -s 9 --use-ff
./test_fat -l 1 -r -60 -w 1000 -s 10 --use-ff
./graphs/test_fat_10000.dat
./test_fat -l 1 -r -60 -w 10000 -s 1 --use-ff
./test_fat -l 1 -r -60 -w 10000 -s 2 --use-ff
./test_fat -l 1 -r -60 -w 10000 -s 3 --use-ff
./test_fat -l 1 -r -60 -w 10000 -s 4 --use-ff
./test_fat -l 1 -r -60 -w 10000 -s 5 --use-ff
./test_fat -l 1 -r -60 -w 10000 -s 6 --use-ff
./test_fat -l 1 -r -60 -w 10000 -s 7 --use-ff
./test_fat -l 1 -r -60 -w 10000 -s 8 --use-ff
./test_fat -l 1 -r -60 -w 10000 -s 9 --use-ff
./test_fat -l 1 -r -60 -w 10000 -s 10 --use-ff
./graphs/test_fat_100000.dat
./test_fat -l 1 -r -60 -w 100000 -s 1 --use-ff
./test_fat -l 1 -r -60 -w 100000 -s 2 --use-ff
./test_fat -l 1 -r -60 -w 100000 -s 3 --use-ff
./test_fat -l 1 -r -60 -w 100000 -s 4 --use-ff
./test_fat -l 1 -r -60 -w 100000 -s 5 --use-ff
./test_fat -l 1 -r -60 -w 100000 -s 6 --use-ff
./test_fat -l 1 -r -60 -w 100000 -s 7 --use-ff
./test_fat -l 1 -r -60 -w 100000 -s 8 --use-ff
./test_fat -l 1 -r -60 -w 100000 -s 9 --use-ff
./test_fat -l 1 -r -60 -w 100000 -s 10 --use-ff
./graphs/test_bfat_1000_b1.dat
./test_bfat -l 1 -r -60 -w 1000 -s 1 -b 1 --use-ff
./test_bfat -l 1 -r -60 -w 1000 -s 2 -b 1 --use-ff
./test_bfat -l 1 -r -60 -w 1000 -s 3 -b 1 --use-ff
./test_bfat -l 1 -r -60 -w 1000 -s 4 -b 1 --use-ff
./test_bfat -l 1 -r -60 -w 1000 -s 5 -b 1 --use-ff
./test_bfat -l 1 -r -60 -w 1000 -s 6 -b 1 --use-ff
./test_bfat -l 1 -r -60 -w 1000 -s 7 -b 1 --use-ff
./test_bfat -l 1 -r -60 -w 1000 -s 8 -b 1 --use-ff
./test_bfat -l 1 -r -60 -w 1000 -s 9 -b 1 --use-ff
./test_bfat -l 1 -r -60 -w 1000 -s 10 -b 1 --use-ff
./graphs/test_bfat_1000_b10.dat
./test_bfat -l 1 -r -60 -w 1000 -s 1 -b 10 --use-ff
./test_bfat -l 1 -r -60 -w 1000 -s 2 -b 10 --use-ff
./test_bfat -l 1 -r -60 -w 1000 -s 3 -b 10 --use-ff
./test_bfat -l 1 -r -60 -w 1000 -s 4 -b 10 --use-ff
./test_bfat -l 1 -r -60 -w 1000 -s 5 -b 10 --use-ff
./test_bfat -l 1 -r -60 -w 1000 -s 6 -b 10 --use-ff
./test_bfat -l 1 -r -60 -w 1000 -s 7 -b 10 --use-ff
./test_bfat -l 1 -r -60 -w 1000 -s 8 -b 10 --use-ff
./test_bfat -l 1 -r -60 -w 1000 -s 9 -b 10 --use-ff
./test_bfat -l 1 -r -60 -w 1000 -s 10 -b 10 --use-ff
./graphs/test_bfat_1000_b100.dat
./test_bfat -l 1 -r -60 -w 1000 -s 1 -b 100 --use-ff
./test_bfat -l 1 -r -60 -w 1000 -s 2 -b 100 --use-ff
./test_bfat -l 1 -r -60 -w 1000 -s 3 -b 100 --use-ff
./test_bfat -l 1 -r -60 -w 1000 -s 4 -b 100 --use-ff
./test_bfat -l 1 -r -60 -w 1000 -s 5 -b 100 --use-ff
./test_bfat -l 1 -r -60 -w 1000 -s 6 -b 100 --use-ff
./test_bfat -l 1 -r -60 -w 1000 -s 7 -b 100 --use-ff
./test_bfat -l 1 -r -60 -w 1000 -s 8 -b 100 --use-ff
./test_bfat -l 1 -r -60 -w 1000 -s 9 -b 100 --use-ff
./test_bfat -l 1 -r -60 -w 1000 -s 10 -b 100 --use-ff
./graphs/test_bfat_1000_b1000.dat
./test_bfat -l 1 -r -60 -w 1000 -s 1 -b 1000 --use-ff
./test_bfat -l 1 -r -60 -w 1000 -s 2 -b 1000 --use-ff
./test_bfat -l 1 -r -60 -w 1000 -s 3 -b 1000 --use-ff
./test_bfat -l 1 -r -60 -w 1000 -s 4 -b 1000 --use-ff
./test_bfat -l 1 -r -60 -w 1000 -s 5 -b 1000 --use-ff
./test_bfat -l 1 -r -60 -w 1000 -s 6 -b 1000 --use-ff
./test_bfat -l 1 -r -60 -w 1000 -s 7 -b 1000 --use-ff
./test_bfat -l 1 -r -60 -w 1000 -s 8 -b 1000 --use-ff
./test_bfat -l 1 -r -60 -w 1000 -s 9 -b 1000 --use-ff
./test_bfat -l 1 -r -60 -w 1000 -s 10 -b 1000 --use-ff
./graphs/test_bfat_1000_b10000.dat
./test_bfat -l 1 -r -60 -w 1000 -s 1 -b 10000 --use-ff
./test_bfat -l 1 -r -60 -w 1000 -s 2 -b 10000 --use-ff
./test_bfat -l 1 -r -60 -w 1000 -s 3 -b 10000 --use-ff
./test_bfat -l 1 -r -60 -w 1000 -s 4 -b 10000 --use-ff
./test_bfat -l 1 -r -60 -w 1000 -s 5 -b 10000 --use-ff
./test_bfat -l 1 -r -60 -w 1000 -s 6 -b 10000 --use-ff
./test_bfat -l 1 -r -60 -w 1000 -s 7 -b 10000 --use-ff
./test_bfat -l 1 -r -60 -w 1000 -s 8 -b 10000 --use-ff
./test_bfat -l 1 -r -60 -w 1000 -s 9 -b 10000 --use-ff
./test_bfat -l 1 -r -60 -w 1000 -s 10 -b 10000 --use-ff
./graphs/test_bfat_10000_b1.dat
./test_bfat -l 1 -r -60 -w 10000 -s 1 -b 1 --use-ff
./test_bfat -l 1 -r -60 -w 10000 -s 2 -b 1 --use-ff
./test_bfat -l 1 -r -60 -w 10000 -s 3 -b 1 --use-ff
./test_bfat -l 1 -r -60 -w 10000 -s 4 -b 1 --use-ff
./test_bfat -l 1 -r -60 -w 10000 -s 5 -b 1 --use-ff
./test_bfat -l 1 -r -60 -w 10000 -s 6 -b 1 --use-ff
./test_bfat -l 1 -r -60 -w 10000 -s 7 -b 1 --use-ff
./test_bfat -l 1 -r -60 -w 10000 -s 8 -b 1 --use-ff
./test_bfat -l 1 -r -60 -w 10000 -s 9 -b 1 --use-ff
./test_bfat -l 1 -r -60 -w 10000 -s 10 -b 1 --use-ff
./graphs/test_bfat_10000_b10.dat
./test_bfat -l 1 -r -60 -w 10000 -s 1 -b 10 --use-ff
./test_bfat -l 1 -r -60 -w 10000 -s 2 -b 10 --use-ff
./test_bfat -l 1 -r -60 -w 10000 -s 3 -b 10 --use-ff
./test_bfat -l 1 -r -60 -w 10000 -s 4 -b 10 --use-ff
./test_bfat -l 1 -r -60 -w 10000 -s 5 -b 10 --use-ff
./test_bfat -l 1 -r -60 -w 10000 -s 6 -b 10 --use-ff
./test_bfat -l 1 -r -60 -w 10000 -s 7 -b 10 --use-ff
./test_bfat -l 1 -r -60 -w 10000 -s 8 -b 10 --use-ff
./test_bfat -l 1 -r -60 -w 10000 -s 9 -b 10 --use-ff
./test_bfat -l 1 -r -60 -w 10000 -s 10 -b 10 --use-ff
./graphs/test_bfat_10000_b100.dat
./test_bfat -l 1 -r -60 -w 10000 -s 1 -b 100 --use-ff
./test_bfat -l 1 -r -60 -w 10000 -s 2 -b 100 --use-ff
./test_bfat -l 1 -r -60 -w 10000 -s 3 -b 100 --use-ff
./test_bfat -l 1 -r -60 -w 10000 -s 4 -b 100 --use-ff
./test_bfat -l 1 -r -60 -w 10000 -s 5 -b 100 --use-ff
./test_bfat -l 1 -r -60 -w 10000 -s 6 -b 100 --use-ff
./test_bfat -l 1 -r -60 -w 10000 -s 7 -b 100 --use-ff
./test_bfat -l 1 -r -60 -w 10000 -s 8 -b 100 --use-ff
./test_bfat -l 1 -r -60 -w 10000 -s 9 -b 100 --use-ff
./test_bfat -l 1 -r -60 -w 10000 -s 10 -b 100 --use-ff
./graphs/test_bfat_10000_b1000.dat
./test_bfat -l 1 -r -60 -w 10000 -s 1 -b 1000 --use-ff
./test_bfat -l 1 -r -60 -w 10000 -s 2 -b 1000 --use-ff
./test_bfat -l 1 -r -60 -w 10000 -s 3 -b 1000 --use-ff
./test_bfat -l 1 -r -60 -w 10000 -s 4 -b 1000 --use-ff
./test_bfat -l 1 -r -60 -w 10000 -s 5 -b 1000 --use-ff
./test_bfat -l 1 -r -60 -w 10000 -s 6 -b 1000 --use-ff
./test_bfat -l 1 -r -60 -w 10000 -s 7 -b 1000 --use-ff
./test_bfat -l 1 -r -60 -w 10000 -s 8 -b 1000 --use-ff
./test_bfat -l 1 -r -60 -w 10000 -s 9 -b 1000 --use-ff
./test_bfat -l 1 -r -60 -w 10000 -s 10 -b 1000 --use-ff
./graphs/test_bfat_10000_b10000.dat
./test_bfat -l 1 -r -60 -w 10000 -s 1 -b 10000 --use-ff
./test_bfat -l 1 -r -60 -w 10000 -s 2 -b 10000 --use-ff
./test_bfat -l 1 -r -60 -w 10000 -s 3 -b 10000 --use-ff
./test_bfat -l 1 -r -60 -w 10000 -s 4 -b 10000 --use-ff
./test_bfat -l 1 -r -60 -w 10000 -s 5 -b 10000 --use-ff
./test_bfat -l 1 -r -60 -w 10000 -s 6 -b 10000 --use-ff
./test_bfat -l 1 -r -60 -w 10000 -s 7 -b 10000 --use-ff
./test_bfat -l 1 -r -60 -w 10000 -s 8 -b 10000 --use-ff
./test_bfat -l 1 -r -60 -w 10000 -s 9 -b 10000 --use-ff
./test_bfat -l 1 -r -60 -w 10000 -s 10 -b 10000 --use-ff
./graphs/test_bfat_100000_b1.dat
./test_bfat -l 1 -r -60 -w 100000 -s 1 -b 1 --use-ff
./test_bfat -l 1 -r -60 -w 100000 -s 2 -b 1 --use-ff
./test_bfat -l 1 -r -60 -w 100000 -s 3 -b 1 --use-ff
./test_bfat -l 1 -r -60 -w 100000 -s 4 -b 1 --use-ff
./test_bfat -l 1 -r -60 -w 100000 -s 5 -b 1 --use-ff
./test_bfat -l 1 -r -60 -w 100000 -s 6 -b 1 --use-ff
./test_bfat -l 1 -r -60 -w 100000 -s 7 -b 1 --use-ff
./test_bfat -l 1 -r -60 -w 100000 -s 8 -b 1 --use-ff
./test_bfat -l 1 -r -60 -w 100000 -s 9 -b 1 --use-ff
./test_bfat -l 1 -r -60 -w 100000 -s 10 -b 1 --use-ff
./graphs/test_bfat_100000_b10.dat
./test_bfat -l 1 -r -60 -w 100000 -s 1 -b 10 --use-ff
./test_bfat -l 1 -r -60 -w 100000 -s 2 -b 10 --use-ff
./test_bfat -l 1 -r -60 -w 100000 -s 3 -b 10 --use-ff
./test_bfat -l 1 -r -60 -w 100000 -s 4 -b 10 --use-ff
./test_bfat -l 1 -r -60 -w 100000 -s 5 -b 10 --use-ff
./test_bfat -l 1 -r -60 -w 100000 -s 6 -b 10 --use-ff
./test_bfat -l 1 -r -60 -w 100000 -s 7 -b 10 --use-ff
./test_bfat -l 1 -r -60 -w 100000 -s 8 -b 10 --use-ff
./test_bfat -l 1 -r -60 -w 100000 -s 9 -b 10 --use-ff
./test_bfat -l 1 -r -60 -w 100000 -s 10 -b 10 --use-ff
./graphs/test_bfat_100000_b100.dat
./test_bfat -l 1 -r -60 -w 100000 -s 1 -b 100 --use-ff
./test_bfat -l 1 -r -60 -w 100000 -s 2 -b 100 --use-ff
./test_bfat -l 1 -r -60 -w 100000 -s 3 -b 100 --use-ff
./test_bfat -l 1 -r -60 -w 100000 -s 4 -b 100 --use-ff
./test_bfat -l 1 -r -60 -w 100000 -s 5 -b 100 --use-ff
./test_bfat -l 1 -r -60 -w 100000 -s 6 -b 100 --use-ff
./test_bfat -l 1 -r -60 -w 100000 -s 7 -b 100 --use-ff
./test_bfat -l 1 -r -60 -w 100000 -s 8 -b 100 --use-ff
./test_bfat -l 1 -r -60 -w 100000 -s 9 -b 100 --use-ff
./test_bfat -l 1 -r -60 -w 100000 -s 10 -b 100 --use-ff
./graphs/test_bfat_100000_b1000.dat
./test_bfat -l 1 -r -60 -w 100000 -s 1 -b 1000 --use-ff
./test_bfat -l 1 -r -60 -w 100000 -s 2 -b 1000 --use-ff
./test_bfat -l 1 -r -60 -w 100000 -s 3 -b 1000 --use-ff
./test_bfat -l 1 -r -60 -w 100000 -s 4 -b 1000 --use-ff
./test_bfat -l 1 -r -60 -w 100000 -s 5 -b 1000 --use-ff
./test_bfat -l 1 -r -60 -w 100000 -s 6 -b 1000 --use-ff
./test_bfat -l 1 -r -60 -w 100000 -s 7 -b 1000 --use-ff
./test_bfat -l 1 -r -60 -w 100000 -s 8 -b 1000 --use-ff
./test_bfat -l 1 -r -60 -w 100000 -s 9 -b 1000 --use-ff
./test_bfat -l 1 -r -60 -w 100000 -s 10 -b 1000 --use-ff
./graphs/test_bfat_100000_b10000.dat
./test_bfat -l 1 -r -60 -w 100000 -s 1 -b 10000 --use-ff
./test_bfat -l 1 -r -60 -w 100000 -s 2 -b 10000 --use-ff
./test_bfat -l 1 -r -60 -w 100000 -s 3 -b 10000 --use-ff
./test_bfat -l 1 -r -60 -w 100000 -s 4 -b 10000 --use-ff
./test_bfat -l 1 -r -60 -w 100000 -s 5 -b 10000 --use-ff
./test_bfat -l 1 -r -60 -w 100000 -s 6 -b 10000 --use-ff
./test_bfat -l 1 -r -60 -w 100000 -s 7 -b 10000 --use-ff
./test_bfat -l 1 -r -60 -w 100000 -s 8 -b 10000 --use-ff
./test_bfat -l 1 -r -60 -w 100000 -s 9 -b 10000 --use-ff
./test_bfat -l 1 -r -60 -w 100000 -s 10 -b 10000 --use-ff
./graphs/test_bfat_1000_b1_rebuilt.dat
./test_bfat -l 1 -r -60 -w 1000 -s 1 -b 1 --rebuild --use-ff
./test_bfat -l 1 -r -60 -w 1000 -s 2 -b 1 --rebuild --use-ff
./test_bfat -l 1 -r -60 -w 1000 -s 3 -b 1 --rebuild --use-ff
./test_bfat -l 1 -r -60 -w 1000 -s 4 -b 1 --rebuild --use-ff
./test_bfat -l 1 -r -60 -w 1000 -s 5 -b 1 --rebuild --use-ff
./test_bfat -l 1 -r -60 -w 1000 -s 6 -b 1 --rebuild --use-ff
./test_bfat -l 1 -r -60 -w 1000 -s 7 -b 1 --rebuild --use-ff
./test_bfat -l 1 -r -60 -w 1000 -s 8 -b 1 --rebuild --use-ff
./test_bfat -l 1 -r -60 -w 1000 -s 9 -b 1 --rebuild --use-ff
./test_bfat -l 1 -r -60 -w 1000 -s 10 -b 1 --rebuild --use-ff
./graphs/test_bfat_1000_b10_rebuilt.dat
./test_bfat -l 1 -r -60 -w 1000 -s 1 -b 10 --rebuild --use-ff
./test_bfat -l 1 -r -60 -w 1000 -s 2 -b 10 --rebuild --use-ff
./test_bfat -l 1 -r -60 -w 1000 -s 3 -b 10 --rebuild --use-ff
./test_bfat -l 1 -r -60 -w 1000 -s 4 -b 10 --rebuild --use-ff
./test_bfat -l 1 -r -60 -w 1000 -s 5 -b 10 --rebuild --use-ff
./test_bfat -l 1 -r -60 -w 1000 -s 6 -b 10 --rebuild --use-ff
./test_bfat -l 1 -r -60 -w 1000 -s 7 -b 10 --rebuild --use-ff
./test_bfat -l 1 -r -60 -w 1000 -s 8 -b 10 --rebuild --use-ff
./test_bfat -l 1 -r -60 -w 1000 -s 9 -b 10 --rebuild --use-ff
./test_bfat -l 1 -r -60 -w 1000 -s 10 -b 10 --rebuild --use-ff
./graphs/test_bfat_1000_b100_rebuilt.dat
./test_bfat -l 1 -r -60 -w 1000 -s 1 -b 100 --rebuild --use-ff
./test_bfat -l 1 -r -60 -w 1000 -s 2 -b 100 --rebuild --use-ff
./test_bfat -l 1 -r -60 -w 1000 -s 3 -b 100 --rebuild --use-ff
./test_bfat -l 1 -r -60 -w 1000 -s 4 -b 100 --rebuild --use-ff
./test_bfat -l 1 -r -60 -w 1000 -s 5 -b 100 --rebuild --use-ff
./test_bfat -l 1 -r -60 -w 1000 -s 6 -b 100 --rebuild --use-ff
./test_bfat -l 1 -r -60 -w 1000 -s 7 -b 100 --rebuild --use-ff
./test_bfat -l 1 -r -60 -w 1000 -s 8 -b 100 --rebuild --use-ff
./test_bfat -l 1 -r -60 -w 1000 -s 9 -b 100 --rebuild --use-ff
./test_bfat -l 1 -r -60 -w 1000 -s 10 -b 100 --rebuild --use-ff
./graphs/test_bfat_1000_b1000_rebuilt.dat
./test_bfat -l 1 -r -60 -w 1000 -s 1 -b 1000 --rebuild --use-ff
./test_bfat -l 1 -r -60 -w 1000 -s 2 -b 1000 --rebuild --use-ff
./test_bfat -l 1 -r -60 -w 1000 -s 3 -b 1000 --rebuild --use-ff
./test_bfat -l 1 -r -60 -w 1000 -s 4 -b 1000 --rebuild --use-ff
./test_bfat -l 1 -r -60 -w 1000 -s 5 -b 1000 --rebuild --use-ff
./test_bfat -l 1 -r -60 -w 1000 -s 6 -b 1000 --rebuild --use-ff
./test_bfat -l 1 -r -60 -w 1000 -s 7 -b 1000 --rebuild --use-ff
./test_bfat -l 1 -r -60 -w 1000 -s 8 -b 1000 --rebuild --use-ff
./test_bfat -l 1 -r -60 -w 1000 -s 9 -b 1000 --rebuild --use-ff
./test_bfat -l 1 -r -60 -w 1000 -s 10 -b 1000 --rebuild --use-ff
./graphs/test_bfat_1000_b10000_rebuilt.dat
./test_bfat -l 1 -r -60 -w 1000 -s 1 -b 10000 --rebuild --use-ff
./test_bfat -l 1 -r -60 -w 1000 -s 2 -b 10000 --rebuild --use-ff
./test_bfat -l 1 -r -60 -w 1000 -s 3 -b 10000 --rebuild --use-ff
./test_bfat -l 1 -r -60 -w 1000 -s 4 -b 10000 --rebuild --use-ff
./test_bfat -l 1 -r -60 -w 1000 -s 5 -b 10000 --rebuild --use-ff
./test_bfat -l 1 -r -60 -w 1000 -s 6 -b 10000 --rebuild --use-ff
./test_bfat -l 1 -r -60 -w 1000 -s 7 -b 10000 --rebuild --use-ff
./test_bfat -l 1 -r -60 -w 1000 -s 8 -b 10000 --rebuild --use-ff
./test_bfat -l 1 -r -60 -w 1000 -s 9 -b 10000 --rebuild --use-ff
./test_bfat -l 1 -r -60 -w 1000 -s 10 -b 10000 --rebuild --use-ff
./graphs/test_bfat_10000_b1_rebuilt.dat
./test_bfat -l 1 -r -60 -w 10000 -s 1 -b 1 --rebuild --use-ff
./test_bfat -l 1 -r -60 -w 10000 -s 2 -b 1 --rebuild --use-ff
./test_bfat -l 1 -r -60 -w 10000 -s 3 -b 1 --rebuild --use-ff
./test_bfat -l 1 -r -60 -w 10000 -s 4 -b 1 --rebuild --use-ff
./test_bfat -l 1 -r -60 -w 10000 -s 5 -b 1 --rebuild --use-ff
./test_bfat -l 1 -r -60 -w 10000 -s 6 -b 1 --rebuild --use-ff
./test_bfat -l 1 -r -60 -w 10000 -s 7 -b 1 --rebuild --use-ff
./test_bfat -l 1 -r -60 -w 10000 -s 8 -b 1 --rebuild --use-ff
./test_bfat -l 1 -r -60 -w 10000 -s 9 -b 1 --rebuild --use-ff
./test_bfat -l 1 -r -60 -w 10000 -s 10 -b 1 --rebuild --use-ff
./graphs/test_bfat_10000_b10_rebuilt.dat
./test_bfat -l 1 -r -60 -w 10000 -s 1 -b 10 --rebuild --use-ff
./test_bfat -l 1 -r -60 -w 10000 -s 2 -b 10 --rebuild --use-ff
./test_bfat -l 1 -r -60 -w 10000 -s 3 -b 10 --rebuild --use-ff
./test_bfat -l 1 -r -60 -w 10000 -s 4 -b 10 --rebuild --use-ff
./test_bfat -l 1 -r -60 -w 10000 -s 5 -b 10 --rebuild --use-ff
./test_bfat -l 1 -r -60 -w 10000 -s 6 -b 10 --rebuild --use-ff
./test_bfat -l 1 -r -60 -w 10000 -s 7 -b 10 --rebuild --use-ff
./test_bfat -l 1 -r -60 -w 10000 -s 8 -b 10 --rebuild --use-ff
./test_bfat -l 1 -r -60 -w 10000 -s 9 -b 10 --rebuild --use-ff
./test_bfat -l 1 -r -60 -w 10000 -s 10 -b 10 --rebuild --use-ff
./graphs/test_bfat_10000_b100_rebuilt.dat
./test_bfat -l 1 -r -60 -w 10000 -s 1 -b 100 --rebuild --use-ff
./test_bfat -l 1 -r -60 -w 10000 -s 2 -b 100 --rebuild --use-ff
./test_bfat -l 1 -r -60 -w 10000 -s 3 -b 100 --rebuild --use-ff
./test_bfat -l 1 -r -60 -w 10000 -s 4 -b 100 --rebuild --use-ff
./test_bfat -l 1 -r -60 -w 10000 -s 5 -b 100 --rebuild --use-ff
./test_bfat -l 1 -r -60 -w 10000 -s 6 -b 100 --rebuild --use-ff
./test_bfat -l 1 -r -60 -w 10000 -s 7 -b 100 --rebuild --use-ff
./test_bfat -l 1 -r -60 -w 10000 -s 8 -b 100 --rebuild --use-ff
./test_bfat -l 1 -r -60 -w 10000 -s 9 -b 100 --rebuild --use-ff
./test_bfat -l 1 -r -60 -w 10000 -s 10 -b 100 --rebuild --use-ff
./graphs/test_bfat_10000_b1000_rebuilt.dat
./test_bfat -l 1 -r -60 -w 10000 -s 1 -b 1000 --rebuild --use-ff
./test_bfat -l 1 -r -60 -w 10000 -s 2 -b 1000 --rebuild --use-ff
./test_bfat -l 1 -r -60 -w 10000 -s 3 -b 1000 --rebuild --use-ff
./test_bfat -l 1 -r -60 -w 10000 -s 4 -b 1000 --rebuild --use-ff
./test_bfat -l 1 -r -60 -w 10000 -s 5 -b 1000 --rebuild --use-ff
./test_bfat -l 1 -r -60 -w 10000 -s 6 -b 1000 --rebuild --use-ff
./test_bfat -l 1 -r -60 -w 10000 -s 7 -b 1000 --rebuild --use-ff
./test_bfat -l 1 -r -60 -w 10000 -s 8 -b 1000 --rebuild --use-ff
./test_bfat -l 1 -r -60 -w 10000 -s 9 -b 1000 --rebuild --use-ff
./test_bfat -l 1 -r -60 -w 10000 -s 10 -b 1000 --rebuild --use-ff
./graphs/test_bfat_10000_b10000_rebuilt.dat
./test_bfat -l 1 -r -60 -w 10000 -s 1 -b 10000 --rebuild --use-ff
./test_bfat -l 1 -r -60 -w 10000 -s 2 -b 10000 --rebuild --use-ff
./test_bfat -l 1 -r -60 -w 10000 -s 3 -b 10000 --rebuild --use-ff
./test_bfat -l 1 -r -60 -w 10000 -s 4 -b 10000 --rebuild --use-ff
./test_bfat -l 1 -r -60 -w 10000 -s 5 -b 10000 --rebuild --use-ff
./test_bfat -l 1 -r -60 -w 10000 -s 6 -b 10000 --rebuild --use-ff
./test_bfat -l 1 -r -60 -w 10000 -s 7 -b 10000 --rebuild --use-ff
./test_bfat -l 1 -r -60 -w 10000 -s 8 -b 10000 --rebuild --use-ff
./test_bfat -l 1 -r -60 -w 10000 -s 9 -b 10000 --rebuild --use-ff
./test_bfat -l 1 -r -60 -w 10000 -s 10 -b 10000 --rebuild --use-ff
./graphs/test_bfat_100000_b1_rebuilt.dat
./test_bfat -l 1 -r -60 -w 100000 -s 1 -b 1 --rebuild --use-ff
./test_bfat -l 1 -r -60 -w 100000 -s 2 -b 1 --rebuild --use-ff
./test_bfat -l 1 -r -60 -w 100000 -s 3 -b 1 --rebuild --use-ff
./test_bfat -l 1 -r -60 -w 100000 -s 4 -b 1 --rebuild --use-ff
./test_bfat -l 1 -r -60 -w 100000 -s 5 -b 1 --rebuild --use-ff
./test_bfat -l 1 -r -60 -w 100000 -s 6 -b 1 --rebuild --use-ff
./test_bfat -l 1 -r -60 -w 100000 -s 7 -b 1 --rebuild --use-ff
./test_bfat -l 1 -r -60 -w 100000 -s 8 -b 1 --rebuild --use-ff
./test_bfat -l 1 -r -60 -w 100000 -s 9 -b 1 --rebuild --use-ff
./test_bfat -l 1 -r -60 -w 100000 -s 10 -b 1 --rebuild --use-ff
./graphs/test_bfat_100000_b10_rebuilt.dat
./test_bfat -l 1 -r -60 -w 100000 -s 1 -b 10 --rebuild --use-ff
./test_bfat -l 1 -r -60 -w 100000 -s 2 -b 10 --rebuild --use-ff
./test_bfat -l 1 -r -60 -w 100000 -s 3 -b 10 --rebuild --use-ff
./test_bfat -l 1 -r -60 -w 100000 -s 4 -b 10 --rebuild --use-ff
./test_bfat -l 1 -r -60 -w 100000 -s 5 -b 10 --rebuild --use-ff
./test_bfat -l 1 -r -60 -w 100000 -s 6 -b 10 --rebuild --use-ff
./test_bfat -l 1 -r -60 -w 100000 -s 7 -b 10 --rebuild --use-ff
./test_bfat -l 1 -r -60 -w 100000 -s 8 -b 10 --rebuild --use-ff
./test_bfat -l 1 -r -60 -w 100000 -s 9 -b 10 --rebuild --use-ff
./test_bfat -l 1 -r -60 -w 100000 -s 10 -b 10 --rebuild --use-ff
./graphs/test_bfat_100000_b100_rebuilt.dat
./test_bfat -l 1 -r -60 -w 100000 -s 1 -b 100 --rebuild --use-ff
./test_bfat -l 1 -r -60 -w 100000 -s 2 -b 100 --rebuild --use-ff
./test_bfat -l 1 -r -60 -w 100000 -s 3 -b 100 --rebuild --use-ff
./test_bfat -l 1 -r -60 -w 100000 -s 4 -b 100 --rebuild --use-ff
./test_bfat -l 1 -r -60 -w 100000 -s 5 -b 100 --rebuild --use-ff
./test_bfat -l 1 -r -60 -w 100000 -s 6 -b 100 --rebuild --use-ff
./test_bfat -l 1 -r -60 -w 100000 -s 7 -b 100 --rebuild --use-ff
./test_bfat -l 1 -r -60 -w 100000 -s 8 -b 100 --rebuild --use-ff
./test_bfat -l 1 -r -60 -w 100000 -s 9 -b 100 --rebuild --use-ff
./test_bfat -l 1 -r -60 -w 100000 -s 10 -b 100 --rebuild --use-ff
./graphs/test_bfat_100000_b1000_rebuilt.dat
./test_bfat -l 1 -r -60 -w 100000 -s 1 -b 1000 --rebuild --use-ff
./test_bfat -l 1 -r -60 -w 100000 -s 2 -b 1000 --rebuild --use-ff
./test_bfat -l 1 -r -60 -w 100000 -s 3 -b 1000 --rebuild --use-ff
./test_bfat -l 1 -r -60 -w 100000 -s 4 -b 1000 --rebuild --use-ff
./test_bfat -l 1 -r -60 -w 100000 -s 5 -b 1000 --rebuild --use-ff
./test_bfat -l 1 -r -60 -w 100000 -s 6 -b 1000 --rebuild --use-ff
./test_bfat -l 1 -r -60 -w 100000 -s 7 -b 1000 --rebuild --use-ff
./test_bfat -l 1 -r -60 -w 100000 -s 8 -b 1000 --rebuild --use-ff
./test_bfat -l 1 -r -60 -w 100000 -s 9 -b 1000 --rebuild --use-ff
./test_bfat -l 1 -r -60 -w 100000 -s 10 -b 1000 --rebuild --use-ff
./graphs/test_bfat_100000_b10000_rebuilt.dat
./test_bfat -l 1 -r -60 -w 100000 -s 1 -b 10000 --rebuild --use-ff
./test_bfat -l 1 -r -60 -w 100000 -s 2 -b 10000 --rebuild --use-ff
./test_bfat -l 1 -r -60 -w 100000 -s 3 -b 10000 --rebuild --use-ff
./test_bfat -l 1 -r -60 -w 100000 -s 4 -b 10000 --rebuild --use-ff
./test_bfat -l 1 -r -60 -w 100000 -s 5 -b 10000 --rebuild --use-ff
./test_bfat -l 1 -r -60 -w 100000 -s 6 -b 10000 --rebuild --use-ff
./test_bfat -l 1 -r -60 -w 100000 -s 7 -b 10000 --rebuild --use-ff
./test_bfat -l 1 -r -60 -w 100000 -s 8 -b 10000 --rebuild --use-ff
./test_bfat -l 1 -r -60 -w 100000 -s 9 -b 10000 --rebuild --use-ff
./test_bfat -l 1 -r -60 -w 100000 -s 10 -b 10000 --rebuild --use-ff
./graphs/test_bfat_1000_b500.dat
./test_bfat -l 1 -r -60 -w 1000 -s 1 -b 500 --use-ff
./test_bfat -l 1 -r -60 -w 1000 -s 2 -b 500 --use-ff
./test_bfat -l 1 -r -60 -w 1000 -s 3 -b 500 --use-ff
./test_bfat -l 1 -r -60 -w 1000 -s 4 -b 500 --use-ff
./test_bfat -l 1 -r -60 -w 1000 -s 5 -b 500 --use-ff
./test_bfat -l 1 -r -60 -w 1000 -s 6 -b 500 --use-ff
./test_bfat -l 1 -r -60 -w 1000 -s 7 -b 500 --use-ff
./test_bfat -l 1 -r -60 -w 1000 -s 8 -b 500 --use-ff
./test_bfat -l 1 -r -60 -w 1000 -s 9 -b 500 --use-ff
./test_bfat -l 1 -r -60 -w 1000 -s 10 -b 500 --use-ff
./graphs/test_bfat_1000_b5000.dat
./test_bfat -l 1 -r -60 -w 1000 -s 1 -b 5000 --use-ff
./test_bfat -l 1 -r -60 -w 1000 -s 2 -b 5000 --use-ff
./test_bfat -l 1 -r -60 -w 1000 -s 3 -b 5000 --use-ff
./test_bfat -l 1 -r -60 -w 1000 -s 4 -b 5000 --use-ff
./test_bfat -l 1 -r -60 -w 1000 -s 5 -b 5000 --use-ff
./test_bfat -l 1 -r -60 -w 1000 -s 6 -b 5000 --use-ff
./test_bfat -l 1 -r -60 -w 1000 -s 7 -b 5000 --use-ff
./test_bfat -l 1 -r -60 -w 1000 -s 8 -b 5000 --use-ff
./test_bfat -l 1 -r -60 -w 1000 -s 9 -b 5000 --use-ff
./test_bfat -l 1 -r -60 -w 1000 -s 10 -b 5000 --use-ff
./graphs/test_bfat_10000_b500.dat
./test_bfat -l 1 -r -60 -w 10000 -s 1 -b 500 --use-ff
./test_bfat -l 1 -r -60 -w 10000 -s 2 -b 500 --use-ff
./test_bfat -l 1 -r -60 -w 10000 -s 3 -b 500 --use-ff
./test_bfat -l 1 -r -60 -w 10000 -s 4 -b 500 --use-ff
./test_bfat -l 1 -r -60 -w 10000 -s 5 -b 500 --use-ff
./test_bfat -l 1 -r -60 -w 10000 -s 6 -b 500 --use-ff
./test_bfat -l 1 -r -60 -w 10000 -s 7 -b 500 --use-ff
./test_bfat -l 1 -r -60 -w 10000 -s 8 -b 500 --use-ff
./test_bfat -l 1 -r -60 -w 10000 -s 9 -b 500 --use-ff
./test_bfat -l 1 -r -60 -w 10000 -s 10 -b 500 --use-ff
./graphs/test_bfat_10000_b5000.dat
./test_bfat -l 1 -r -60 -w 10000 -s 1 -b 5000 --use-ff
./test_bfat -l 1 -r -60 -w 10000 -s 2 -b 5000 --use-ff
./test_bfat -l 1 -r -60 -w 10000 -s 3 -b 5000 --use-ff
./test_bfat -l 1 -r -60 -w 10000 -s 4 -b 5000 --use-ff
./test_bfat -l 1 -r -60 -w 10000 -s 5 -b 5000 --use-ff
./test_bfat -l 1 -r -60 -w 10000 -s 6 -b 5000 --use-ff
./test_bfat -l 1 -r -60 -w 10000 -s 7 -b 5000 --use-ff
./test_bfat -l 1 -r -60 -w 10000 -s 8 -b 5000 --use-ff
./test_bfat -l 1 -r -60 -w 10000 -s 9 -b 5000 --use-ff
./test_bfat -l 1 -r -60 -w 10000 -s 10 -b 5000 --use-ff
./graphs/test_bfat_100000_b500.dat
./test_bfat -l 1 -r -60 -w 100000 -s 1 -b 500 --use-ff
./test_bfat -l 1 -r -60 -w 100000 -s 2 -b 500 --use-ff
./test_bfat -l 1 -r -60 -w 100000 -s 3 -b 500 --use-ff
./test_bfat -l 1 -r -60 -w 100000 -s 4 -b 500 --use-ff
./test_bfat -l 1 -r -60 -w 100000 -s 5 -b 500 --use-ff
./test_bfat -l 1 -r -60 -w 100000 -s 6 -b 500 --use-ff
./test_bfat -l 1 -r -60 -w 100000 -s 7 -b 500 --use-ff
./test_bfat -l 1 -r -60 -w 100000 -s 8 -b 500 --use-ff
./test_bfat -l 1 -r -60 -w 100000 -s 9 -b 500 --use-ff
./test_bfat -l 1 -r -60 -w 100000 -s 10 -b 500 --use-ff
./graphs/test_bfat_100000_b5000.dat
./test_bfat -l 1 -r -60 -w 100000 -s 1 -b 5000 --use-ff
./test_bfat -l 1 -r -60 -w 100000 -s 2 -b 5000 --use-ff
./test_bfat -l 1 -r -60 -w 100000 -s 3 -b 5000 --use-ff
./test_bfat -l 1 -r -60 -w 100000 -s 4 -b 5000 --use-ff
./test_bfat -l 1 -r -60 -w 100000 -s 5 -b 5000 --use-ff
./test_bfat -l 1 -r -60 -w 100000 -s 6 -b 5000 --use-ff
./test_bfat -l 1 -r -60 -w 100000 -s 7 -b 5000 --use-ff
./test_bfat -l 1 -r -60 -w 100000 -s 8 -b 5000 --use-ff
./test_bfat -l 1 -r -60 -w 100000 -s 9 -b 5000 --use-ff
./test_bfat -l 1 -r -60 -w 100000 -s 10 -b 5000 --use-ff
./graphs/test_bfat_1000_b1_rebuilt.dat
./test_bfat -l 1 -r -60 -w 1000 -s 1 -b 1 --rebuild --use-ff
./test_bfat -l 1 -r -60 -w 1000 -s 2 -b 1 --rebuild --use-ff
./test_bfat -l 1 -r -60 -w 1000 -s 3 -b 1 --rebuild --use-ff
./test_bfat -l 1 -r -60 -w 1000 -s 4 -b 1 --rebuild --use-ff
./test_bfat -l 1 -r -60 -w 1000 -s 5 -b 1 --rebuild --use-ff
./test_bfat -l 1 -r -60 -w 1000 -s 6 -b 1 --rebuild --use-ff
./test_bfat -l 1 -r -60 -w 1000 -s 7 -b 1 --rebuild --use-ff
./test_bfat -l 1 -r -60 -w 1000 -s 8 -b 1 --rebuild --use-ff
./test_bfat -l 1 -r -60 -w 1000 -s 9 -b 1 --rebuild --use-ff
./test_bfat -l 1 -r -60 -w 1000 -s 10 -b 1 --rebuild --use-ff
./graphs/test_bfat_1000_b10_rebuilt.dat
./test_bfat -l 1 -r -60 -w 1000 -s 1 -b 10 --rebuild --use-ff
./test_bfat -l 1 -r -60 -w 1000 -s 2 -b 10 --rebuild --use-ff
./test_bfat -l 1 -r -60 -w 1000 -s 3 -b 10 --rebuild --use-ff
./test_bfat -l 1 -r -60 -w 1000 -s 4 -b 10 --rebuild --use-ff
./test_bfat -l 1 -r -60 -w 1000 -s 5 -b 10 --rebuild --use-ff
./test_bfat -l 1 -r -60 -w 1000 -s 6 -b 10 --rebuild --use-ff
./test_bfat -l 1 -r -60 -w 1000 -s 7 -b 10 --rebuild --use-ff
./test_bfat -l 1 -r -60 -w 1000 -s 8 -b 10 --rebuild --use-ff
./test_bfat -l 1 -r -60 -w 1000 -s 9 -b 10 --rebuild --use-ff
./test_bfat -l 1 -r -60 -w 1000 -s 10 -b 10 --rebuild --use-ff
./graphs/test_bfat_1000_b100_rebuilt.dat
./test_bfat -l 1 -r -60 -w 1000 -s 1 -b 100 --rebuild --use-ff
./test_bfat -l 1 -r -60 -w 1000 -s 2 -b 100 --rebuild --use-ff
./test_bfat -l 1 -r -60 -w 1000 -s 3 -b 100 --rebuild --use-ff
./test_bfat -l 1 -r -60 -w 1000 -s 4 -b 100 --rebuild --use-ff
./test_bfat -l 1 -r -60 -w 1000 -s 5 -b 100 --rebuild --use-ff
./test_bfat -l 1 -r -60 -w 1000 -s 6 -b 100 --rebuild --use-ff
./test_bfat -l 1 -r -60 -w 1000 -s 7 -b 100 --rebuild --use-ff
./test_bfat -l 1 -r -60 -w 1000 -s 8 -b 100 --rebuild --use-ff
./test_bfat -l 1 -r -60 -w 1000 -s 9 -b 100 --rebuild --use-ff
./test_bfat -l 1 -r -60 -w 1000 -s 10 -b 100 --rebuild --use-ff
./graphs/test_bfat_1000_b500_rebuilt.dat
./test_bfat -l 1 -r -60 -w 1000 -s 1 -b 500 --rebuild --use-ff
./test_bfat -l 1 -r -60 -w 1000 -s 2 -b 500 --rebuild --use-ff
./test_bfat -l 1 -r -60 -w 1000 -s 3 -b 500 --rebuild --use-ff
./test_bfat -l 1 -r -60 -w 1000 -s 4 -b 500 --rebuild --use-ff
./test_bfat -l 1 -r -60 -w 1000 -s 5 -b 500 --rebuild --use-ff
./test_bfat -l 1 -r -60 -w 1000 -s 6 -b 500 --rebuild --use-ff
./test_bfat -l 1 -r -60 -w 1000 -s 7 -b 500 --rebuild --use-ff
./test_bfat -l 1 -r -60 -w 1000 -s 8 -b 500 --rebuild --use-ff
./test_bfat -l 1 -r -60 -w 1000 -s 9 -b 500 --rebuild --use-ff
./test_bfat -l 1 -r -60 -w 1000 -s 10 -b 500 --rebuild --use-ff
./graphs/test_bfat_1000_b1000_rebuilt.dat
./test_bfat -l 1 -r -60 -w 1000 -s 1 -b 1000 --rebuild --use-ff
./test_bfat -l 1 -r -60 -w 1000 -s 2 -b 1000 --rebuild --use-ff
./test_bfat -l 1 -r -60 -w 1000 -s 3 -b 1000 --rebuild --use-ff
./test_bfat -l 1 -r -60 -w 1000 -s 4 -b 1000 --rebuild --use-ff
./test_bfat -l 1 -r -60 -w 1000 -s 5 -b 1000 --rebuild --use-ff
./test_bfat -l 1 -r -60 -w 1000 -s 6 -b 1000 --rebuild --use-ff
./test_bfat -l 1 -r -60 -w 1000 -s 7 -b 1000 --rebuild --use-ff
./test_bfat -l 1 -r -60 -w 1000 -s 8 -b 1000 --rebuild --use-ff
./test_bfat -l 1 -r -60 -w 1000 -s 9 -b 1000 --rebuild --use-ff
./test_bfat -l 1 -r -60 -w 1000 -s 10 -b 1000 --rebuild --use-ff
./graphs/test_bfat_1000_b5000_rebuilt.dat
./test_bfat -l 1 -r -60 -w 1000 -s 1 -b 5000 --rebuild --use-ff
./test_bfat -l 1 -r -60 -w 1000 -s 2 -b 5000 --rebuild --use-ff
./test_bfat -l 1 -r -60 -w 1000 -s 3 -b 5000 --rebuild --use-ff
./test_bfat -l 1 -r -60 -w 1000 -s 4 -b 5000 --rebuild --use-ff
./test_bfat -l 1 -r -60 -w 1000 -s 5 -b 5000 --rebuild --use-ff
./test_bfat -l 1 -r -60 -w 1000 -s 6 -b 5000 --rebuild --use-ff
./test_bfat -l 1 -r -60 -w 1000 -s 7 -b 5000 --rebuild --use-ff
./test_bfat -l 1 -r -60 -w 1000 -s 8 -b 5000 --rebuild --use-ff
./test_bfat -l 1 -r -60 -w 1000 -s 9 -b 5000 --rebuild --use-ff
./test_bfat -l 1 -r -60 -w 1000 -s 10 -b 5000 --rebuild --use-ff
./graphs/test_bfat_1000_b10000_rebuilt.dat
./test_bfat -l 1 -r -60 -w 1000 -s 1 -b 10000 --rebuild --use-ff
./test_bfat -l 1 -r -60 -w 1000 -s 2 -b 10000 --rebuild --use-ff
./test_bfat -l 1 -r -60 -w 1000 -s 3 -b 10000 --rebuild --use-ff
./test_bfat -l 1 -r -60 -w 1000 -s 4 -b 10000 --rebuild --use-ff
./test_bfat -l 1 -r -60 -w 1000 -s 5 -b 10000 --rebuild --use-ff
./test_bfat -l 1 -r -60 -w 1000 -s 6 -b 10000 --rebuild --use-ff
./test_bfat -l 1 -r -60 -w 1000 -s 7 -b 10000 --rebuild --use-ff
./test_bfat -l 1 -r -60 -w 1000 -s 8 -b 10000 --rebuild --use-ff
./test_bfat -l 1 -r -60 -w 1000 -s 9 -b 10000 --rebuild --use-ff
./test_bfat -l 1 -r -60 -w 1000 -s 10 -b 10000 --rebuild --use-ff./graphs/test_inc_1000.dat
./test_inc -l 1 -r -60 -w 1000 -s 1 --use-ff
./test_inc -l 1 -r -60 -w 1000 -s 2 --use-ff
./test_inc -l 1 -r -60 -w 1000 -s 3 --use-ff
./test_inc -l 1 -r -60 -w 1000 -s 4 --use-ff
./test_inc -l 1 -r -60 -w 1000 -s 5 --use-ff
./test_inc -l 1 -r -60 -w 1000 -s 6 --use-ff
./test_inc -l 1 -r -60 -w 1000 -s 7 --use-ff
./test_inc -l 1 -r -60 -w 1000 -s 8 --use-ff
./test_inc -l 1 -r -60 -w 1000 -s 9 --use-ff
./test_inc -l 1 -r -60 -w 1000 -s 10 --use-ff
./graphs/test_inc_10000.dat
./test_inc -l 1 -r -60 -w 10000 -s 1 --use-ff
./test_inc -l 1 -r -60 -w 10000 -s 2 --use-ff
./test_inc -l 1 -r -60 -w 10000 -s 3 --use-ff
./test_inc -l 1 -r -60 -w 10000 -s 4 --use-ff
./test_inc -l 1 -r -60 -w 10000 -s 5 --use-ff
./test_inc -l 1 -r -60 -w 10000 -s 6 --use-ff
./test_inc -l 1 -r -60 -w 10000 -s 7 --use-ff
./test_inc -l 1 -r -60 -w 10000 -s 8 --use-ff
./test_inc -l 1 -r -60 -w 10000 -s 9 --use-ff
./test_inc -l 1 -r -60 -w 10000 -s 10 --use-ff
./graphs/test_inc_100000.dat
./test_inc -l 1 -r -60 -w 100000 -s 1 --use-ff
./test_inc -l 1 -r -60 -w 100000 -s 2 --use-ff
./test_inc -l 1 -r -60 -w 100000 -s 3 --use-ff
./test_inc -l 1 -r -60 -w 100000 -s 4 --use-ff
./test_inc -l 1 -r -60 -w 100000 -s 5 --use-ff
./test_inc -l 1 -r -60 -w 100000 -s 6 --use-ff
./test_inc -l 1 -r -60 -w 100000 -s 7 --use-ff
./test_inc -l 1 -r -60 -w 100000 -s 8 --use-ff
./test_inc -l 1 -r -60 -w 100000 -s 9 --use-ff
./test_inc -l 1 -r -60 -w 100000 -s 10 --use-ff
./graphs/test_fat_1000.dat
./test_fat -l 1 -r -60 -w 1000 -s 1 --use-ff
./test_fat -l 1 -r -60 -w 1000 -s 2 --use-ff
./test_fat -l 1 -r -60 -w 1000 -s 3 --use-ff
./test_fat -l 1 -r -60 -w 1000 -s 4 --use-ff
./test_fat -l 1 -r -60 -w 1000 -s 5 --use-ff
./test_fat -l 1 -r -60 -w 1000 -s 6 --use-ff
./test_fat -l 1 -r -60 -w 1000 -s 7 --use-ff
./test_fat -l 1 -r -60 -w 1000 -s 8 --use-ff
./test_fat -l 1 -r -60 -w 1000 -s 9 --use-ff
./test_fat -l 1 -r -60 -w 1000 -s 10 --use-ff
./graphs/test_fat_10000.dat
./test_fat -l 1 -r -60 -w 10000 -s 1 --use-ff
./test_fat -l 1 -r -60 -w 10000 -s 2 --use-ff
./test_fat -l 1 -r -60 -w 10000 -s 3 --use-ff
./test_fat -l 1 -r -60 -w 10000 -s 4 --use-ff
./test_fat -l 1 -r -60 -w 10000 -s 5 --use-ff
./test_fat -l 1 -r -60 -w 10000 -s 6 --use-ff
./test_fat -l 1 -r -60 -w 10000 -s 7 --use-ff
./test_fat -l 1 -r -60 -w 10000 -s 8 --use-ff
./test_fat -l 1 -r -60 -w 10000 -s 9 --use-ff
./test_fat -l 1 -r -60 -w 10000 -s 10 --use-ff
./graphs/test_fat_100000.dat
./test_fat -l 1 -r -60 -w 100000 -s 1 --use-ff
./test_fat -l 1 -r -60 -w 100000 -s 2 --use-ff
./test_fat -l 1 -r -60 -w 100000 -s 3 --use-ff
./test_fat -l 1 -r -60 -w 100000 -s 4 --use-ff
./test_fat -l 1 -r -60 -w 100000 -s 5 --use-ff
./test_fat -l 1 -r -60 -w 100000 -s 6 --use-ff
./test_fat -l 1 -r -60 -w 100000 -s 7 --use-ff
./test_fat -l 1 -r -60 -w 100000 -s 8 --use-ff
./test_fat -l 1 -r -60 -w 100000 -s 9 --use-ff
./test_fat -l 1 -r -60 -w 100000 -s 10 --use-ff
./graphs/test_bfat_1000_b500.dat
./test_bfat -l 1 -r -60 -w 1000 -s 1 -b 500 --use-ff
./test_bfat -l 1 -r -60 -w 1000 -s 2 -b 500 --use-ff
./test_bfat -l 1 -r -60 -w 1000 -s 3 -b 500 --use-ff
./test_bfat -l 1 -r -60 -w 1000 -s 4 -b 500 --use-ff
./test_bfat -l 1 -r -60 -w 1000 -s 5 -b 500 --use-ff
./test_bfat -l 1 -r -60 -w 1000 -s 6 -b 500 --use-ff
./test_bfat -l 1 -r -60 -w 1000 -s 7 -b 500 --use-ff
./test_bfat -l 1 -r -60 -w 1000 -s 8 -b 500 --use-ff
./test_bfat -l 1 -r -60 -w 1000 -s 9 -b 500 --use-ff
./test_bfat -l 1 -r -60 -w 1000 -s 10 -b 500 --use-ff
./graphs/test_bfat_1000_b1000.dat
./test_bfat -l 1 -r -60 -w 1000 -s 1 -b 1000 --use-ff
./test_bfat -l 1 -r -60 -w 1000 -s 2 -b 1000 --use-ff
./test_bfat -l 1 -r -60 -w 1000 -s 3 -b 1000 --use-ff
./test_bfat -l 1 -r -60 -w 1000 -s 4 -b 1000 --use-ff
./test_bfat -l 1 -r -60 -w 1000 -s 5 -b 1000 --use-ff
./test_bfat -l 1 -r -60 -w 1000 -s 6 -b 1000 --use-ff
./test_bfat -l 1 -r -60 -w 1000 -s 7 -b 1000 --use-ff
./test_bfat -l 1 -r -60 -w 1000 -s 8 -b 1000 --use-ff
./test_bfat -l 1 -r -60 -w 1000 -s 9 -b 1000 --use-ff
./test_bfat -l 1 -r -60 -w 1000 -s 10 -b 1000 --use-ff
./graphs/test_bfat_1000_b5000.dat
./test_bfat -l 1 -r -60 -w 1000 -s 1 -b 5000 --use-ff
./test_bfat -l 1 -r -60 -w 1000 -s 2 -b 5000 --use-ff
./test_bfat -l 1 -r -60 -w 1000 -s 3 -b 5000 --use-ff
./test_bfat -l 1 -r -60 -w 1000 -s 4 -b 5000 --use-ff
./test_bfat -l 1 -r -60 -w 1000 -s 5 -b 5000 --use-ff
./test_bfat -l 1 -r -60 -w 1000 -s 6 -b 5000 --use-ff
./test_bfat -l 1 -r -60 -w 1000 -s 7 -b 5000 --use-ff
./test_bfat -l 1 -r -60 -w 1000 -s 8 -b 5000 --use-ff
./test_bfat -l 1 -r -60 -w 1000 -s 9 -b 5000 --use-ff
./test_bfat -l 1 -r -60 -w 1000 -s 10 -b 5000 --use-ff
./graphs/test_bfat_1000_b10000.dat
./test_bfat -l 1 -r -60 -w 1000 -s 1 -b 10000 --use-ff
./test_bfat -l 1 -r -60 -w 1000 -s 2 -b 10000 --use-ff
./test_bfat -l 1 -r -60 -w 1000 -s 3 -b 10000 --use-ff
./test_bfat -l 1 -r -60 -w 1000 -s 4 -b 10000 --use-ff
./test_bfat -l 1 -r -60 -w 1000 -s 5 -b 10000 --use-ff
./test_bfat -l 1 -r -60 -w 1000 -s 6 -b 10000 --use-ff
./test_bfat -l 1 -r -60 -w 1000 -s 7 -b 10000 --use-ff
./test_bfat -l 1 -r -60 -w 1000 -s 8 -b 10000 --use-ff
./test_bfat -l 1 -r -60 -w 1000 -s 9 -b 10000 --use-ff
./test_bfat -l 1 -r -60 -w 1000 -s 10 -b 10000 --use-ff
./graphs/test_bfat_10000_b500.dat
./test_bfat -l 1 -r -60 -w 10000 -s 1 -b 500 --use-ff
./test_bfat -l 1 -r -60 -w 10000 -s 2 -b 500 --use-ff
./test_bfat -l 1 -r -60 -w 10000 -s 3 -b 500 --use-ff
./test_bfat -l 1 -r -60 -w 10000 -s 4 -b 500 --use-ff
./test_bfat -l 1 -r -60 -w 10000 -s 5 -b 500 --use-ff
./test_bfat -l 1 -r -60 -w 10000 -s 6 -b 500 --use-ff
./test_bfat -l 1 -r -60 -w 10000 -s 7 -b 500 --use-ff
./test_bfat -l 1 -r -60 -w 10000 -s 8 -b 500 --use-ff
./test_bfat -l 1 -r -60 -w 10000 -s 9 -b 500 --use-ff
./test_bfat -l 1 -r -60 -w 10000 -s 10 -b 500 --use-ff
./graphs/test_bfat_10000_b1000.dat
./test_bfat -l 1 -r -60 -w 10000 -s 1 -b 1000 --use-ff
./test_bfat -l 1 -r -60 -w 10000 -s 2 -b 1000 --use-ff
./test_bfat -l 1 -r -60 -w 10000 -s 3 -b 1000 --use-ff
./test_bfat -l 1 -r -60 -w 10000 -s 4 -b 1000 --use-ff
./test_bfat -l 1 -r -60 -w 10000 -s 5 -b 1000 --use-ff
./test_bfat -l 1 -r -60 -w 10000 -s 6 -b 1000 --use-ff
./test_bfat -l 1 -r -60 -w 10000 -s 7 -b 1000 --use-ff
./test_bfat -l 1 -r -60 -w 10000 -s 8 -b 1000 --use-ff
./test_bfat -l 1 -r -60 -w 10000 -s 9 -b 1000 --use-ff
./test_bfat -l 1 -r -60 -w 10000 -s 10 -b 1000 --use-ff
./graphs/test_bfat_10000_b5000.dat
./test_bfat -l 1 -r -60 -w 10000 -s 1 -b 5000 --use-ff
./test_bfat -l 1 -r -60 -w 10000 -s 2 -b 5000 --use-ff
./test_bfat -l 1 -r -60 -w 10000 -s 3 -b 5000 --use-ff
./test_bfat -l 1 -r -60 -w 10000 -s 4 -b 5000 --use-ff
./test_bfat -l 1 -r -60 -w 10000 -s 5 -b 5000 --use-ff
./test_bfat -l 1 -r -60 -w 10000 -s 6 -b 5000 --use-ff
./test_bfat -l 1 -r -60 -w 10000 -s 7 -b 5000 --use-ff
./test_bfat -l 1 -r -60 -w 10000 -s 8 -b 5000 --use-ff
./test_bfat -l 1 -r -60 -w 10000 -s 9 -b 5000 --use-ff
./test_bfat -l 1 -r -60 -w 10000 -s 10 -b 5000 --use-ff
./graphs/test_bfat_10000_b10000.dat
./test_bfat -l 1 -r -60 -w 10000 -s 1 -b 10000 --use-ff
./test_bfat -l 1 -r -60 -w 10000 -s 2 -b 10000 --use-ff
./test_bfat -l 1 -r -60 -w 10000 -s 3 -b 10000 --use-ff
./test_bfat -l 1 -r -60 -w 10000 -s 4 -b 10000 --use-ff
./test_bfat -l 1 -r -60 -w 10000 -s 5 -b 10000 --use-ff
./test_bfat -l 1 -r -60 -w 10000 -s 6 -b 10000 --use-ff
./test_bfat -l 1 -r -60 -w 10000 -s 7 -b 10000 --use-ff
./test_bfat -l 1 -r -60 -w 10000 -s 8 -b 10000 --use-ff
./test_bfat -l 1 -r -60 -w 10000 -s 9 -b 10000 --use-ff
./test_bfat -l 1 -r -60 -w 10000 -s 10 -b 10000 --use-ff
./graphs/test_bfat_100000_b500.dat
./test_bfat -l 1 -r -60 -w 100000 -s 1 -b 500 --use-ff
./test_bfat -l 1 -r -60 -w 100000 -s 2 -b 500 --use-ff
./test_bfat -l 1 -r -60 -w 100000 -s 3 -b 500 --use-ff
./test_bfat -l 1 -r -60 -w 100000 -s 4 -b 500 --use-ff
./test_bfat -l 1 -r -60 -w 100000 -s 5 -b 500 --use-ff
./test_bfat -l 1 -r -60 -w 100000 -s 6 -b 500 --use-ff
./test_bfat -l 1 -r -60 -w 100000 -s 7 -b 500 --use-ff
./test_bfat -l 1 -r -60 -w 100000 -s 8 -b 500 --use-ff
./test_bfat -l 1 -r -60 -w 100000 -s 9 -b 500 --use-ff
./test_bfat -l 1 -r -60 -w 100000 -s 10 -b 500 --use-ff
./graphs/test_bfat_100000_b1000.dat
./test_bfat -l 1 -r -60 -w 100000 -s 1 -b 1000 --use-ff
./test_bfat -l 1 -r -60 -w 100000 -s 2 -b 1000 --use-ff
./test_bfat -l 1 -r -60 -w 100000 -s 3 -b 1000 --use-ff
./test_bfat -l 1 -r -60 -w 100000 -s 4 -b 1000 --use-ff
./test_bfat -l 1 -r -60 -w 100000 -s 5 -b 1000 --use-ff
./test_bfat -l 1 -r -60 -w 100000 -s 6 -b 1000 --use-ff
./test_bfat -l 1 -r -60 -w 100000 -s 7 -b 1000 --use-ff
./test_bfat -l 1 -r -60 -w 100000 -s 8 -b 1000 --use-ff
./test_bfat -l 1 -r -60 -w 100000 -s 9 -b 1000 --use-ff
./test_bfat -l 1 -r -60 -w 100000 -s 10 -b 1000 --use-ff
./graphs/test_bfat_100000_b5000.dat
./test_bfat -l 1 -r -60 -w 100000 -s 1 -b 5000 --use-ff
./test_bfat -l 1 -r -60 -w 100000 -s 2 -b 5000 --use-ff
./test_bfat -l 1 -r -60 -w 100000 -s 3 -b 5000 --use-ff
./test_bfat -l 1 -r -60 -w 100000 -s 4 -b 5000 --use-ff
./test_bfat -l 1 -r -60 -w 100000 -s 5 -b 5000 --use-ff
./test_bfat -l 1 -r -60 -w 100000 -s 6 -b 5000 --use-ff
./test_bfat -l 1 -r -60 -w 100000 -s 7 -b 5000 --use-ff
./test_bfat -l 1 -r -60 -w 100000 -s 8 -b 5000 --use-ff
./test_bfat -l 1 -r -60 -w 100000 -s 9 -b 5000 --use-ff
./test_bfat -l 1 -r -60 -w 100000 -s 10 -b 5000 --use-ff
./graphs/test_bfat_100000_b10000.dat
./test_bfat -l 1 -r -60 -w 100000 -s 1 -b 10000 --use-ff
./test_bfat -l 1 -r -60 -w 100000 -s 2 -b 10000 --use-ff
./test_bfat -l 1 -r -60 -w 100000 -s 3 -b 10000 --use-ff
./test_bfat -l 1 -r -60 -w 100000 -s 4 -b 10000 --use-ff
./test_bfat -l 1 -r -60 -w 100000 -s 5 -b 10000 --use-ff
./test_bfat -l 1 -r -60 -w 100000 -s 6 -b 10000 --use-ff
./test_bfat -l 1 -r -60 -w 100000 -s 7 -b 10000 --use-ff
./test_bfat -l 1 -r -60 -w 100000 -s 8 -b 10000 --use-ff
./test_bfat -l 1 -r -60 -w 100000 -s 9 -b 10000 --use-ff
./test_bfat -l 1 -r -60 -w 100000 -s 10 -b 10000 --use-ff
./graphs/test_bfat_1000_b500_rebuilt.dat
./test_bfat -l 1 -r -60 -w 1000 -s 1 -b 500 --rebuild --use-ff
./test_bfat -l 1 -r -60 -w 1000 -s 2 -b 500 --rebuild --use-ff
./test_bfat -l 1 -r -60 -w 1000 -s 3 -b 500 --rebuild --use-ff
./test_bfat -l 1 -r -60 -w 1000 -s 4 -b 500 --rebuild --use-ff
./test_bfat -l 1 -r -60 -w 1000 -s 5 -b 500 --rebuild --use-ff
./test_bfat -l 1 -r -60 -w 1000 -s 6 -b 500 --rebuild --use-ff
./test_bfat -l 1 -r -60 -w 1000 -s 7 -b 500 --rebuild --use-ff
./test_bfat -l 1 -r -60 -w 1000 -s 8 -b 500 --rebuild --use-ff
./test_bfat -l 1 -r -60 -w 1000 -s 9 -b 500 --rebuild --use-ff
./test_bfat -l 1 -r -60 -w 1000 -s 10 -b 500 --rebuild --use-ff
./graphs/test_bfat_1000_b1000_rebuilt.dat
./test_bfat -l 1 -r -60 -w 1000 -s 1 -b 1000 --rebuild --use-ff
./test_bfat -l 1 -r -60 -w 1000 -s 2 -b 1000 --rebuild --use-ff
./test_bfat -l 1 -r -60 -w 1000 -s 3 -b 1000 --rebuild --use-ff
./test_bfat -l 1 -r -60 -w 1000 -s 4 -b 1000 --rebuild --use-ff
./test_bfat -l 1 -r -60 -w 1000 -s 5 -b 1000 --rebuild --use-ff
./test_bfat -l 1 -r -60 -w 1000 -s 6 -b 1000 --rebuild --use-ff
./test_bfat -l 1 -r -60 -w 1000 -s 7 -b 1000 --rebuild --use-ff
./test_bfat -l 1 -r -60 -w 1000 -s 8 -b 1000 --rebuild --use-ff
./test_bfat -l 1 -r -60 -w 1000 -s 9 -b 1000 --rebuild --use-ff
./test_bfat -l 1 -r -60 -w 1000 -s 10 -b 1000 --rebuild --use-ff
./graphs/test_bfat_1000_b5000_rebuilt.dat
./test_bfat -l 1 -r -60 -w 1000 -s 1 -b 5000 --rebuild --use-ff
./test_bfat -l 1 -r -60 -w 1000 -s 2 -b 5000 --rebuild --use-ff
./test_bfat -l 1 -r -60 -w 1000 -s 3 -b 5000 --rebuild --use-ff
./test_bfat -l 1 -r -60 -w 1000 -s 4 -b 5000 --rebuild --use-ff
./test_bfat -l 1 -r -60 -w 1000 -s 5 -b 5000 --rebuild --use-ff
./test_bfat -l 1 -r -60 -w 1000 -s 6 -b 5000 --rebuild --use-ff
./test_bfat -l 1 -r -60 -w 1000 -s 7 -b 5000 --rebuild --use-ff
./test_bfat -l 1 -r -60 -w 1000 -s 8 -b 5000 --rebuild --use-ff
./test_bfat -l 1 -r -60 -w 1000 -s 9 -b 5000 --rebuild --use-ff
./test_bfat -l 1 -r -60 -w 1000 -s 10 -b 5000 --rebuild --use-ff
./graphs/test_bfat_1000_b10000_rebuilt.dat
./test_bfat -l 1 -r -60 -w 1000 -s 1 -b 10000 --rebuild --use-ff
./test_bfat -l 1 -r -60 -w 1000 -s 2 -b 10000 --rebuild --use-ff
./test_bfat -l 1 -r -60 -w 1000 -s 3 -b 10000 --rebuild --use-ff
./test_bfat -l 1 -r -60 -w 1000 -s 4 -b 10000 --rebuild --use-ff
./test_bfat -l 1 -r -60 -w 1000 -s 5 -b 10000 --rebuild --use-ff
./test_bfat -l 1 -r -60 -w 1000 -s 6 -b 10000 --rebuild --use-ff
./test_bfat -l 1 -r -60 -w 1000 -s 7 -b 10000 --rebuild --use-ff
./test_bfat -l 1 -r -60 -w 1000 -s 8 -b 10000 --rebuild --use-ff
./test_bfat -l 1 -r -60 -w 1000 -s 9 -b 10000 --rebuild --use-ff
./test_bfat -l 1 -r -60 -w 1000 -s 10 -b 10000 --rebuild --use-ff
./graphs/test_bfat_10000_b500_rebuilt.dat
./test_bfat -l 1 -r -60 -w 10000 -s 1 -b 500 --rebuild --use-ff
./test_bfat -l 1 -r -60 -w 10000 -s 2 -b 500 --rebuild --use-ff
./test_bfat -l 1 -r -60 -w 10000 -s 3 -b 500 --rebuild --use-ff
./test_bfat -l 1 -r -60 -w 10000 -s 4 -b 500 --rebuild --use-ff
./test_bfat -l 1 -r -60 -w 10000 -s 5 -b 500 --rebuild --use-ff
./test_bfat -l 1 -r -60 -w 10000 -s 6 -b 500 --rebuild --use-ff
./test_bfat -l 1 -r -60 -w 10000 -s 7 -b 500 --rebuild --use-ff
./test_bfat -l 1 -r -60 -w 10000 -s 8 -b 500 --rebuild --use-ff
./test_bfat -l 1 -r -60 -w 10000 -s 9 -b 500 --rebuild --use-ff
./test_bfat -l 1 -r -60 -w 10000 -s 10 -b 500 --rebuild --use-ff
./graphs/test_bfat_10000_b1000_rebuilt.dat
./test_bfat -l 1 -r -60 -w 10000 -s 1 -b 1000 --rebuild --use-ff
./test_bfat -l 1 -r -60 -w 10000 -s 2 -b 1000 --rebuild --use-ff
./test_bfat -l 1 -r -60 -w 10000 -s 3 -b 1000 --rebuild --use-ff
./test_bfat -l 1 -r -60 -w 10000 -s 4 -b 1000 --rebuild --use-ff
./test_bfat -l 1 -r -60 -w 10000 -s 5 -b 1000 --rebuild --use-ff
./test_bfat -l 1 -r -60 -w 10000 -s 6 -b 1000 --rebuild --use-ff
./test_bfat -l 1 -r -60 -w 10000 -s 7 -b 1000 --rebuild --use-ff
./test_bfat -l 1 -r -60 -w 10000 -s 8 -b 1000 --rebuild --use-ff
./test_bfat -l 1 -r -60 -w 10000 -s 9 -b 1000 --rebuild --use-ff
./test_bfat -l 1 -r -60 -w 10000 -s 10 -b 1000 --rebuild --use-ff
./graphs/test_bfat_10000_b5000_rebuilt.dat
./test_bfat -l 1 -r -60 -w 10000 -s 1 -b 5000 --rebuild --use-ff
./test_bfat -l 1 -r -60 -w 10000 -s 2 -b 5000 --rebuild --use-ff
./test_bfat -l 1 -r -60 -w 10000 -s 3 -b 5000 --rebuild --use-ff
./test_bfat -l 1 -r -60 -w 10000 -s 4 -b 5000 --rebuild --use-ff
./test_bfat -l 1 -r -60 -w 10000 -s 5 -b 5000 --rebuild --use-ff
./test_bfat -l 1 -r -60 -w 10000 -s 6 -b 5000 --rebuild --use-ff
./test_bfat -l 1 -r -60 -w 10000 -s 7 -b 5000 --rebuild --use-ff
./test_bfat -l 1 -r -60 -w 10000 -s 8 -b 5000 --rebuild --use-ff
./test_bfat -l 1 -r -60 -w 10000 -s 9 -b 5000 --rebuild --use-ff
./test_bfat -l 1 -r -60 -w 10000 -s 10 -b 5000 --rebuild --use-ff
./graphs/test_bfat_10000_b10000_rebuilt.dat
./test_bfat -l 1 -r -60 -w 10000 -s 1 -b 10000 --rebuild --use-ff
./test_bfat -l 1 -r -60 -w 10000 -s 2 -b 10000 --rebuild --use-ff
./test_bfat -l 1 -r -60 -w 10000 -s 3 -b 10000 --rebuild --use-ff
./test_bfat -l 1 -r -60 -w 10000 -s 4 -b 10000 --rebuild --use-ff
./test_bfat -l 1 -r -60 -w 10000 -s 5 -b 10000 --rebuild --use-ff
./test_bfat -l 1 -r -60 -w 10000 -s 6 -b 10000 --rebuild --use-ff
./test_bfat -l 1 -r -60 -w 10000 -s 7 -b 10000 --rebuild --use-ff
./test_bfat -l 1 -r -60 -w 10000 -s 8 -b 10000 --rebuild --use-ff
./test_bfat -l 1 -r -60 -w 10000 -s 9 -b 10000 --rebuild --use-ff
./test_bfat -l 1 -r -60 -w 10000 -s 10 -b 10000 --rebuild --use-ff
./graphs/test_bfat_100000_b500_rebuilt.dat
./test_bfat -l 1 -r -60 -w 100000 -s 1 -b 500 --rebuild --use-ff
./test_bfat -l 1 -r -60 -w 100000 -s 2 -b 500 --rebuild --use-ff
./test_bfat -l 1 -r -60 -w 100000 -s 3 -b 500 --rebuild --use-ff
./test_bfat -l 1 -r -60 -w 100000 -s 4 -b 500 --rebuild --use-ff
./test_bfat -l 1 -r -60 -w 100000 -s 5 -b 500 --rebuild --use-ff
./test_bfat -l 1 -r -60 -w 100000 -s 6 -b 500 --rebuild --use-ff
./test_bfat -l 1 -r -60 -w 100000 -s 7 -b 500 --rebuild --use-ff
./test_bfat -l 1 -r -60 -w 100000 -s 8 -b 500 --rebuild --use-ff
./test_bfat -l 1 -r -60 -w 100000 -s 9 -b 500 --rebuild --use-ff
./test_bfat -l 1 -r -60 -w 100000 -s 10 -b 500 --rebuild --use-ff
./graphs/test_bfat_100000_b1000_rebuilt.dat
./test_bfat -l 1 -r -60 -w 100000 -s 1 -b 1000 --rebuild --use-ff
./test_bfat -l 1 -r -60 -w 100000 -s 2 -b 1000 --rebuild --use-ff
./test_bfat -l 1 -r -60 -w 100000 -s 3 -b 1000 --rebuild --use-ff
./test_bfat -l 1 -r -60 -w 100000 -s 4 -b 1000 --rebuild --use-ff
./test_bfat -l 1 -r -60 -w 100000 -s 5 -b 1000 --rebuild --use-ff
./test_bfat -l 1 -r -60 -w 100000 -s 6 -b 1000 --rebuild --use-ff
./test_bfat -l 1 -r -60 -w 100000 -s 7 -b 1000 --rebuild --use-ff
./test_bfat -l 1 -r -60 -w 100000 -s 8 -b 1000 --rebuild --use-ff
./test_bfat -l 1 -r -60 -w 100000 -s 9 -b 1000 --rebuild --use-ff
./test_bfat -l 1 -r -60 -w 100000 -s 10 -b 1000 --rebuild --use-ff
./graphs/test_bfat_100000_b5000_rebuilt.dat
./test_bfat -l 1 -r -60 -w 100000 -s 1 -b 5000 --rebuild --use-ff
./test_bfat -l 1 -r -60 -w 100000 -s 2 -b 5000 --rebuild --use-ff
./test_bfat -l 1 -r -60 -w 100000 -s 3 -b 5000 --rebuild --use-ff
./test_bfat -l 1 -r -60 -w 100000 -s 4 -b 5000 --rebuild --use-ff
./test_bfat -l 1 -r -60 -w 100000 -s 5 -b 5000 --rebuild --use-ff
./test_bfat -l 1 -r -60 -w 100000 -s 6 -b 5000 --rebuild --use-ff
./test_bfat -l 1 -r -60 -w 100000 -s 7 -b 5000 --rebuild --use-ff
./test_bfat -l 1 -r -60 -w 100000 -s 8 -b 5000 --rebuild --use-ff
./test_bfat -l 1 -r -60 -w 100000 -s 9 -b 5000 --rebuild --use-ff
./test_bfat -l 1 -r -60 -w 100000 -s 10 -b 5000 --rebuild --use-ff
./graphs/test_bfat_100000_b10000_rebuilt.dat
./test_bfat -l 1 -r -60 -w 100000 -s 1 -b 10000 --rebuild --use-ff
./test_bfat -l 1 -r -60 -w 100000 -s 2 -b 10000 --rebuild --use-ff
./test_bfat -l 1 -r -60 -w 100000 -s 3 -b 10000 --rebuild --use-ff
./test_bfat -l 1 -r -60 -w 100000 -s 4 -b 10000 --rebuild --use-ff
./test_bfat -l 1 -r -60 -w 100000 -s 5 -b 10000 --rebuild --use-ff
./test_bfat -l 1 -r -60 -w 100000 -s 6 -b 10000 --rebuild --use-ff
./test_bfat -l 1 -r -60 -w 100000 -s 7 -b 10000 --rebuild --use-ff
./test_bfat -l 1 -r -60 -w 100000 -s 8 -b 10000 --rebuild --use-ff
./test_bfat -l 1 -r -60 -w 100000 -s 9 -b 10000 --rebuild --use-ff
./test_bfat -l 1 -r -60 -w 100000 -s 10 -b 10000 --rebuild --use-ff
